Breakpoint 1 at 0x1130
Breakpoint 2 at 0x114e
Breakpoint 3 at 0x115a

Breakpoint 1, 0x0000555555555130 in main ()

Breakpoint 2, 0x000055555555514e in factorial ()
<------REGISTROS 1.0------>
rax            0x91                145
rcx            0x90                144
<------calculo de la potencia------>
rax            0x91                145
$1 = 144

Breakpoint 2, 0x000055555555514e in factorial ()
rax            0x5190              20880
$2 = 143

Breakpoint 2, 0x000055555555514e in factorial ()
rax            0x2d8f70            2985840
$3 = 142

Breakpoint 2, 0x000055555555514e in factorial ()
rax            0x19459020          423989280
$4 = 141

Breakpoint 2, 0x000055555555514e in factorial ()
rax            0xdeb5061a0         59782488480
$5 = 140

Breakpoint 2, 0x000055555555514e in factorial ()
rax            0x79caff56380       8369548387200
$6 = 139

Breakpoint 2, 0x000055555555514e in factorial ()
rax            0x422138a3d0680     1163367225820800
$7 = 138

Breakpoint 2, 0x000055555555514e in factorial ()
rax            0x23a5e8884e58100   160544677163270400
$8 = 137

Breakpoint 2, 0x000055555555514e in factorial ()
rax            0x313c970f1ed20900  3547876697658493184
$9 = 136

Breakpoint 2, 0x000055555555514e in factorial ()
rax            0x283040085f94c800  2895884965106731008
$10 = 135

Breakpoint 2, 0x000055555555514e in factorial ()
rax            0x3171c46a67757800  3562844741508102144
$11 = 134

Breakpoint 2, 0x000055555555514e in factorial ()
rax            0xe18ccfb2277cd000  -2194150554362654720
$12 = 133

Breakpoint 2, 0x000055555555514e in factorial ()
rax            0x2e27e78e83d81000  3325881449119748096
$13 = 132

Breakpoint 2, 0x000055555555514e in factorial ()
rax            0xcc93657bfb684000  -3705506485222490112
$14 = 131

Breakpoint 2, 0x000055555555514e in factorial ()
rax            0xaf6cee71a658c000  -5806003647697862656
$15 = 130

Breakpoint 2, 0x000055555555514e in factorial ()
rax            0x155115b679118000  1536032821369470976
$16 = 129

Breakpoint 2, 0x000055555555514e in factorial ()
rax            0xbddbf0f301d18000  -4765950854143311872
$17 = 128

Breakpoint 2, 0x000055555555514e in factorial ()
rax            0xedf87980e8c00000  -1299154897928716288
$18 = 127

Breakpoint 2, 0x000055555555514e in factorial ()
rax            0xe4446f377400000   1028024626438995968
$19 = 126

Breakpoint 2, 0x000055555555514e in factorial ()
rax            0x59aebd4b1800000   403894415346630656
$20 = 125

Breakpoint 2, 0x000055555555514e in factorial ()
rax            0xbca526daab800000  -4853430302799822848
$21 = 124

Breakpoint 2, 0x000055555555514e in factorial ()
rax            0x5ffed1eb12000000  6917196885237170176
$22 = 123

Breakpoint 2, 0x000055555555514e in factorial ()
rax            0x1f6edbf1a6000000  2264989493532557312
$23 = 122

Breakpoint 2, 0x000055555555514e in factorial ()
rax            0xfad4d1291c000000  -372442894671282176
$24 = 121

Breakpoint 2, 0x000055555555514e in factorial ()
rax            0x8e96dc6e3c000000  -8172102107806040064
$25 = 120

Breakpoint 2, 0x000055555555514e in factorial ()
rax            0xd6b753ac20000000  -2974817030118572032
$26 = 119

Breakpoint 2, 0x000055555555514e in factorial ()
rax            0xcf37e502e0000000  -3515089183628591104
$27 = 118

Breakpoint 2, 0x000055555555514e in factorial ()
rax            0x83c38f5340000000  -8952154046563614720
$28 = 117

Breakpoint 2, 0x000055555555514e in factorial ()
rax            0x3860810c40000000  4062388753501519872
$29 = 116

Breakpoint 2, 0x000055555555514e in factorial ()
rax            0x8bba798d00000000  -8378250510272036864
$30 = 115

Breakpoint 2, 0x000055555555514e in factorial ()
rax            0xc4c49a5700000000  -4268116848387555328
$31 = 114

Breakpoint 2, 0x000055555555514e in factorial ()
rax            0x9f8cbabe00000000  -6949974799732965376
$32 = 113

Breakpoint 2, 0x000055555555514e in factorial ()
rax            0x6d1e6dde00000000  7862842799685632000
$33 = 112

Breakpoint 2, 0x000055555555514e in factorial ()
rax            0xbd50112000000000  -4805321973267693568
$34 = 111

Breakpoint 2, 0x000055555555514e in factorial ()
rax            0x15b76ce000000000  1564839104863010816
$35 = 110

Breakpoint 2, 0x000055555555514e in factorial ()
rax            0x54d0c84000000000  6111604871545225216
$36 = 109

Breakpoint 2, 0x000055555555514e in factorial ()
rax            0x1ce5434000000000  2082144344885690368
$37 = 108

Breakpoint 2, 0x000055555555514e in factorial ()
rax            0x30b85f0000000000  3510660363139940352
$38 = 107

Breakpoint 2, 0x000055555555514e in factorial ()
rax            0x5d0fb50000000000  6705777381782585344
$39 = 106

Breakpoint 2, 0x000055555555514e in factorial ()
rax            0x8880f20000000000  -8610616405718466560
$40 = 105

Breakpoint 2, 0x000055555555514e in factorial ()
rax            0xfce3420000000000  -224262988670959616
$41 = 104

Breakpoint 2, 0x000055555555514e in factorial ()
rax            0xbc52d00000000000  -4876606748070248448
$42 = 103

Breakpoint 2, 0x000055555555514e in factorial ()
rax            0xc551b00000000000  -4228405061077696512
$43 = 102

Breakpoint 2, 0x000055555555514e in factorial ()
rax            0x9e8c200000000000  -7022202534605357056
$44 = 101

Breakpoint 2, 0x000055555555514e in factorial ()
rax            0x8d48a00000000000  -8266181194178101248
$45 = 100

Breakpoint 2, 0x000055555555514e in factorial ()
rax            0x305e800000000000  3485363899119697920
$46 = 99

Breakpoint 2, 0x000055555555514e in factorial ()
rax            0xb48b800000000000  -5437111387631386624
$47 = 98

Breakpoint 2, 0x000055555555514e in factorial ()
rax            0x1d67000000000000  2118662149701107712
$48 = 97

Breakpoint 2, 0x000055555555514e in factorial ()
rax            0x2407000000000000  2596043710202380288
$49 = 96

Breakpoint 2, 0x000055555555514e in factorial ()
rax            0x82a0000000000000  -9034220852505214976
$50 = 95

Breakpoint 2, 0x000055555555514e in factorial ()
rax            0x7960000000000000  8745990476353503232
$51 = 94

Breakpoint 2, 0x000055555555514e in factorial ()
rax            0x9140000000000000  -7980378539700518912
$52 = 93

Breakpoint 2, 0x000055555555514e in factorial ()
rax            0xc440000000000000  -4305441243766194176
$53 = 92

Breakpoint 2, 0x000055555555514e in factorial ()
rax            0x8700000000000000  -8718968878589280256
$54 = 91

Breakpoint 2, 0x000055555555514e in factorial ()
rax            0xfd00000000000000  -216172782113783808
$55 = 90

Breakpoint 2, 0x000055555555514e in factorial ()
rax            0xf200000000000000  -1008806316530991104
$56 = 89

Breakpoint 2, 0x000055555555514e in factorial ()
rax            0x2200000000000000  2449958197289549824
$57 = 88

Breakpoint 2, 0x000055555555514e in factorial ()
rax            0xb000000000000000  -5764607523034234880
$58 = 87

Breakpoint 2, 0x000055555555514e in factorial ()
rax            0xd000000000000000  -3458764513820540928
$59 = 86

Breakpoint 2, 0x000055555555514e in factorial ()
rax            0xe000000000000000  -2305843009213693952
$60 = 85

Breakpoint 2, 0x000055555555514e in factorial ()
rax            0x6000000000000000  6917529027641081856
$61 = 84

Breakpoint 2, 0x000055555555514e in factorial ()
rax            0x8000000000000000  -9223372036854775808
$62 = 83

Breakpoint 2, 0x000055555555514e in factorial ()
rax            0x8000000000000000  -9223372036854775808
$63 = 82

Breakpoint 2, 0x000055555555514e in factorial ()
rax            0x0                 0
$64 = 81

Breakpoint 2, 0x000055555555514e in factorial ()
rax            0x0                 0
$65 = 80

Breakpoint 2, 0x000055555555514e in factorial ()
rax            0x0                 0
$66 = 79

Breakpoint 2, 0x000055555555514e in factorial ()
rax            0x0                 0
$67 = 78

Breakpoint 2, 0x000055555555514e in factorial ()
rax            0x0                 0
$68 = 77

Breakpoint 2, 0x000055555555514e in factorial ()
rax            0x0                 0
$69 = 76

Breakpoint 2, 0x000055555555514e in factorial ()
rax            0x0                 0
$70 = 75

Breakpoint 2, 0x000055555555514e in factorial ()
rax            0x0                 0
$71 = 74

Breakpoint 2, 0x000055555555514e in factorial ()
rax            0x0                 0
$72 = 73

Breakpoint 2, 0x000055555555514e in factorial ()
rax            0x0                 0
$73 = 72

Breakpoint 2, 0x000055555555514e in factorial ()
rax            0x0                 0
$74 = 71

Breakpoint 2, 0x000055555555514e in factorial ()
rax            0x0                 0
$75 = 70

Breakpoint 2, 0x000055555555514e in factorial ()
rax            0x0                 0
$76 = 69

Breakpoint 2, 0x000055555555514e in factorial ()
rax            0x0                 0
$77 = 68

Breakpoint 2, 0x000055555555514e in factorial ()
rax            0x0                 0
$78 = 67

Breakpoint 2, 0x000055555555514e in factorial ()
rax            0x0                 0
$79 = 66

Breakpoint 2, 0x000055555555514e in factorial ()
rax            0x0                 0
$80 = 65

Breakpoint 2, 0x000055555555514e in factorial ()
rax            0x0                 0
$81 = 64

Breakpoint 2, 0x000055555555514e in factorial ()
rax            0x0                 0
$82 = 63

Breakpoint 2, 0x000055555555514e in factorial ()
rax            0x0                 0
$83 = 62

Breakpoint 2, 0x000055555555514e in factorial ()
rax            0x0                 0
$84 = 61

Breakpoint 2, 0x000055555555514e in factorial ()
rax            0x0                 0
$85 = 60

Breakpoint 2, 0x000055555555514e in factorial ()
rax            0x0                 0
$86 = 59

Breakpoint 2, 0x000055555555514e in factorial ()
rax            0x0                 0
$87 = 58

Breakpoint 2, 0x000055555555514e in factorial ()
rax            0x0                 0
$88 = 57

Breakpoint 2, 0x000055555555514e in factorial ()
rax            0x0                 0
$89 = 56

Breakpoint 2, 0x000055555555514e in factorial ()
rax            0x0                 0
$90 = 55

Breakpoint 2, 0x000055555555514e in factorial ()
rax            0x0                 0
$91 = 54

Breakpoint 2, 0x000055555555514e in factorial ()
rax            0x0                 0
$92 = 53

Breakpoint 2, 0x000055555555514e in factorial ()
rax            0x0                 0
$93 = 52

Breakpoint 2, 0x000055555555514e in factorial ()
rax            0x0                 0
$94 = 51

Breakpoint 2, 0x000055555555514e in factorial ()
rax            0x0                 0
$95 = 50

Breakpoint 2, 0x000055555555514e in factorial ()
rax            0x0                 0
$96 = 49

Breakpoint 2, 0x000055555555514e in factorial ()
rax            0x0                 0
$97 = 48

Breakpoint 2, 0x000055555555514e in factorial ()
rax            0x0                 0
$98 = 47

Breakpoint 2, 0x000055555555514e in factorial ()
rax            0x0                 0
$99 = 46

Breakpoint 2, 0x000055555555514e in factorial ()
rax            0x0                 0
$100 = 45

Breakpoint 2, 0x000055555555514e in factorial ()
rax            0x0                 0
$101 = 44

Breakpoint 2, 0x000055555555514e in factorial ()
rax            0x0                 0
$102 = 43

Breakpoint 2, 0x000055555555514e in factorial ()
rax            0x0                 0
$103 = 42

Breakpoint 2, 0x000055555555514e in factorial ()
rax            0x0                 0
$104 = 41

Breakpoint 2, 0x000055555555514e in factorial ()
rax            0x0                 0
$105 = 40

Breakpoint 2, 0x000055555555514e in factorial ()
rax            0x0                 0
$106 = 39

Breakpoint 2, 0x000055555555514e in factorial ()
rax            0x0                 0
$107 = 38

Breakpoint 2, 0x000055555555514e in factorial ()
rax            0x0                 0
$108 = 37

Breakpoint 2, 0x000055555555514e in factorial ()
rax            0x0                 0
$109 = 36

Breakpoint 2, 0x000055555555514e in factorial ()
rax            0x0                 0
$110 = 35

Breakpoint 2, 0x000055555555514e in factorial ()
rax            0x0                 0
$111 = 34

Breakpoint 2, 0x000055555555514e in factorial ()
rax            0x0                 0
$112 = 33

Breakpoint 2, 0x000055555555514e in factorial ()
rax            0x0                 0
$113 = 32

Breakpoint 2, 0x000055555555514e in factorial ()
rax            0x0                 0
$114 = 31

Breakpoint 2, 0x000055555555514e in factorial ()
rax            0x0                 0
$115 = 30

Breakpoint 2, 0x000055555555514e in factorial ()
rax            0x0                 0
$116 = 29

Breakpoint 2, 0x000055555555514e in factorial ()
rax            0x0                 0
$117 = 28

Breakpoint 2, 0x000055555555514e in factorial ()
rax            0x0                 0
$118 = 27

Breakpoint 2, 0x000055555555514e in factorial ()
rax            0x0                 0
$119 = 26

Breakpoint 2, 0x000055555555514e in factorial ()
rax            0x0                 0
$120 = 25

Breakpoint 2, 0x000055555555514e in factorial ()
rax            0x0                 0
$121 = 24

Breakpoint 2, 0x000055555555514e in factorial ()
rax            0x0                 0
$122 = 23

Breakpoint 2, 0x000055555555514e in factorial ()
rax            0x0                 0
$123 = 22

Breakpoint 2, 0x000055555555514e in factorial ()
rax            0x0                 0
$124 = 21

Breakpoint 2, 0x000055555555514e in factorial ()
rax            0x0                 0
$125 = 20

Breakpoint 2, 0x000055555555514e in factorial ()
rax            0x0                 0
$126 = 19

Breakpoint 2, 0x000055555555514e in factorial ()
rax            0x0                 0
$127 = 18

Breakpoint 2, 0x000055555555514e in factorial ()
rax            0x0                 0
$128 = 17

Breakpoint 2, 0x000055555555514e in factorial ()
rax            0x0                 0
$129 = 16

Breakpoint 2, 0x000055555555514e in factorial ()
rax            0x0                 0
$130 = 15

Breakpoint 2, 0x000055555555514e in factorial ()
rax            0x0                 0
$131 = 14

Breakpoint 2, 0x000055555555514e in factorial ()
rax            0x0                 0
$132 = 13

Breakpoint 2, 0x000055555555514e in factorial ()
rax            0x0                 0
$133 = 12

Breakpoint 2, 0x000055555555514e in factorial ()
rax            0x0                 0
$134 = 11

Breakpoint 2, 0x000055555555514e in factorial ()
rax            0x0                 0
$135 = 10

Breakpoint 2, 0x000055555555514e in factorial ()
rax            0x0                 0
$136 = 9

Breakpoint 2, 0x000055555555514e in factorial ()
rax            0x0                 0
$137 = 8

Breakpoint 2, 0x000055555555514e in factorial ()
rax            0x0                 0
$138 = 7

Breakpoint 2, 0x000055555555514e in factorial ()
rax            0x0                 0
$139 = 6

Breakpoint 2, 0x000055555555514e in factorial ()
rax            0x0                 0
$140 = 5

Breakpoint 2, 0x000055555555514e in factorial ()
rax            0x0                 0
$141 = 4

Breakpoint 2, 0x000055555555514e in factorial ()
rax            0x0                 0
$142 = 3

Breakpoint 2, 0x000055555555514e in factorial ()
rax            0x0                 0
$143 = 2

Breakpoint 2, 0x000055555555514e in factorial ()
rax            0x0                 0
$144 = 1

Breakpoint 3, 0x000055555555515a in imprimir ()
A debugging session is active.

	Inferior 1 [process 73316] will be killed.

Quit anyway? (y or n) [answered Y; input not from terminal]
Breakpoint 1 at 0x1130
Breakpoint 2 at 0x114b
Breakpoint 3 at 0x1180
Breakpoint 4 at 0x1187

Breakpoint 1, 0x0000555555555130 in main ()

Breakpoint 2, 0x000055555555514b in digitoxdigito ()

Breakpoint 3, 0x0000555555555180 in factorial ()
<------REGISTROS 1.0------>
rax            0x5                 5
rcx            0x4                 4
<------calculo del factorial------>
rax            0x5                 5
$1 = 4

Breakpoint 3, 0x0000555555555180 in factorial ()
rax            0x14                20
$2 = 3

Breakpoint 3, 0x0000555555555180 in factorial ()
rax            0x3c                60
$3 = 2

Breakpoint 3, 0x0000555555555180 in factorial ()
rax            0x78                120
$4 = 1

Breakpoint 2, 0x000055555555514b in digitoxdigito ()
A debugging session is active.

	Inferior 1 [process 79960] will be killed.

Quit anyway? (y or n) [answered Y; input not from terminal]
Breakpoint 1 at 0x1130
Breakpoint 2 at 0x114b
Breakpoint 3 at 0x1180
Breakpoint 4 at 0x1187

Breakpoint 1, 0x0000555555555130 in main ()

Breakpoint 2, 0x000055555555514b in digitoxdigito ()

Breakpoint 3, 0x0000555555555180 in factorial ()
<------REGISTROS 1.0------>
rax            0x5                 5
rcx            0x4                 4
<------calculo del factorial------>
rax            0x5                 5
$1 = 4

Breakpoint 3, 0x0000555555555180 in factorial ()
rax            0x14                20
$2 = 3

Breakpoint 3, 0x0000555555555180 in factorial ()
rax            0x3c                60
$3 = 2

Breakpoint 3, 0x0000555555555180 in factorial ()
rax            0x78                120
$4 = 1

Breakpoint 2, 0x000055555555514b in digitoxdigito ()
Continuing.

Breakpoint 3, 0x0000555555555180 in factorial ()
Continuing.

Breakpoint 3, 0x0000555555555180 in factorial ()
Continuing.

Breakpoint 3, 0x0000555555555180 in factorial ()
Continuing.

Breakpoint 3, 0x0000555555555180 in factorial ()
Continuing.

Breakpoint 3, 0x0000555555555180 in factorial ()
Continuing.

Breakpoint 3, 0x0000555555555180 in factorial ()
Continuing.

Breakpoint 3, 0x0000555555555180 in factorial ()
Continuing.

Breakpoint 3, 0x0000555555555180 in factorial ()
Continuing.

Breakpoint 3, 0x0000555555555180 in factorial ()
Continuing.

Breakpoint 3, 0x0000555555555180 in factorial ()
rax            0x0                 0
rcx            0xfffffffffffffff6  -10
Breakpoint 1 at 0x1130
Breakpoint 2 at 0x114b
Breakpoint 3 at 0x1180
Breakpoint 4 at 0x1187

Breakpoint 1, 0x0000555555555130 in main ()

Breakpoint 2, 0x000055555555514b in digitoxdigito ()

Breakpoint 3, 0x0000555555555180 in factorial ()
<------REGISTROS 1.0------>
rax            0x5                 5
rcx            0x4                 4
<------calculo del factorial------>
rax            0x5                 5
$1 = 4

Breakpoint 3, 0x0000555555555180 in factorial ()
rax            0x14                20
$2 = 3

Breakpoint 3, 0x0000555555555180 in factorial ()
rax            0x3c                60
$3 = 2

Breakpoint 3, 0x0000555555555180 in factorial ()
rax            0x78                120
$4 = 1

Breakpoint 2, 0x000055555555514b in digitoxdigito ()
rax            0x78                120
Continuing.

Breakpoint 3, 0x0000555555555180 in factorial ()
rcx            0xffffffffffffffff  -1
Breakpoint 1 at 0x1130
Breakpoint 2 at 0x114b
Breakpoint 3 at 0x1180
Breakpoint 4 at 0x1187

Breakpoint 1, 0x0000555555555130 in main ()

Breakpoint 2, 0x000055555555514b in digitoxdigito ()

Breakpoint 3, 0x0000555555555180 in factorial ()
<------REGISTROS 1.0------>
rax            0x5                 5
rcx            0x4                 4
<------calculo del factorial------>
rax            0x5                 5
$1 = 4

Breakpoint 3, 0x0000555555555180 in factorial ()
rax            0x14                20
$2 = 3

Breakpoint 3, 0x0000555555555180 in factorial ()
rax            0x3c                60
$3 = 2

Breakpoint 3, 0x0000555555555180 in factorial ()
rax            0x78                120
$4 = 1

Breakpoint 2, 0x000055555555514b in digitoxdigito ()
Continuing.

Breakpoint 3, 0x0000555555555180 in factorial ()
Continuing.

Breakpoint 3, 0x0000555555555180 in factorial ()
Continuing.

Breakpoint 3, 0x0000555555555180 in factorial ()
Continuing.

Breakpoint 2, 0x000055555555514b in digitoxdigito ()
Continuing.

Breakpoint 3, 0x0000555555555180 in factorial ()
Continuing.

Breakpoint 3, 0x0000555555555180 in factorial ()
Continuing.

Breakpoint 3, 0x0000555555555180 in factorial ()
Continuing.

Breakpoint 3, 0x0000555555555180 in factorial ()
Continuing.

Breakpoint 3, 0x0000555555555180 in factorial ()
Continuing.

Breakpoint 3, 0x0000555555555180 in factorial ()
Continuing.

Breakpoint 3, 0x0000555555555180 in factorial ()
Continuing.

Breakpoint 3, 0x0000555555555180 in factorial ()
Continuing.

Breakpoint 3, 0x0000555555555180 in factorial ()
Continuing.

Breakpoint 3, 0x0000555555555180 in factorial ()
Continuing.

Breakpoint 3, 0x0000555555555180 in factorial ()
Continuing.

Breakpoint 3, 0x0000555555555180 in factorial ()
Continuing.

Breakpoint 3, 0x0000555555555180 in factorial ()
Breakpoint 1 at 0x1130
Breakpoint 2 at 0x114b
Breakpoint 3 at 0x1180
Breakpoint 4 at 0x1187

Breakpoint 1, 0x0000555555555130 in main ()

Breakpoint 2, 0x000055555555514b in digitoxdigito ()

Breakpoint 3, 0x0000555555555180 in factorial ()
<------REGISTROS 1.0------>
rax            0x5                 5
rcx            0x4                 4
<------calculo del factorial------>
rax            0x5                 5
$1 = 4

Breakpoint 3, 0x0000555555555180 in factorial ()
rax            0x14                20
$2 = 3

Breakpoint 3, 0x0000555555555180 in factorial ()
rax            0x3c                60
$3 = 2

Breakpoint 3, 0x0000555555555180 in factorial ()
rax            0x78                120
$4 = 1

Breakpoint 2, 0x000055555555514b in digitoxdigito ()
rax            0xe                 14
0x0000555555555156 in digitoxdigito ()
rax            0x1                 1
0x0000555555555163 in digitoxdigito ()
rax            0x4                 4
0x0000555555555166 in digitoxdigito ()
0x0000555555555169 in digitoxdigito ()

Breakpoint 3, 0x0000555555555180 in factorial ()
rcx            0x3                 3
Continuing.

Breakpoint 3, 0x0000555555555180 in factorial ()
Continuing.

Breakpoint 3, 0x0000555555555180 in factorial ()
Continuing.

Breakpoint 2, 0x000055555555514b in digitoxdigito ()
0x000055555555515c in digitoxdigito ()
rax            0x0                 0
Undefined info command: "ra rax".  Try "help info".
rax            0x0                 0
0x0000555555555163 in digitoxdigito ()
0x0000555555555166 in digitoxdigito ()
rax            0x1                 1

Breakpoint 3, 0x0000555555555180 in factorial ()
rcx            0x0                 0
Breakpoint 1 at 0x1130
Breakpoint 2 at 0x114b
Breakpoint 3 at 0x1186
Breakpoint 4 at 0x118d

Breakpoint 1, 0x0000555555555130 in main ()

Breakpoint 2, 0x000055555555514b in digitoxdigito ()

Breakpoint 3, 0x0000555555555186 in factorial ()
<------REGISTROS 1.0------>
rax            0x5                 5
rcx            0x4                 4
<------calculo del factorial------>
rax            0x5                 5
$1 = 4

Breakpoint 3, 0x0000555555555186 in factorial ()
rax            0x14                20
$2 = 3

Breakpoint 3, 0x0000555555555186 in factorial ()
rax            0x3c                60
$3 = 2

Breakpoint 3, 0x0000555555555186 in factorial ()
rax            0x78                120
$4 = 1

Breakpoint 2, 0x000055555555514b in digitoxdigito ()
Continuing.

Breakpoint 3, 0x0000555555555186 in factorial ()
Continuing.

Breakpoint 3, 0x0000555555555186 in factorial ()
Continuing.

Breakpoint 3, 0x0000555555555186 in factorial ()
Continuing.

Breakpoint 2, 0x000055555555514b in digitoxdigito ()
Continuing.

Breakpoint 3, 0x0000555555555186 in factorial ()
Continuing.

Breakpoint 3, 0x0000555555555186 in factorial ()
Continuing.

Breakpoint 3, 0x0000555555555186 in factorial ()
Continuing.

Breakpoint 3, 0x0000555555555186 in factorial ()
Continuing.

Breakpoint 3, 0x0000555555555186 in factorial ()
Continuing.

Breakpoint 3, 0x0000555555555186 in factorial ()
Continuing.

Breakpoint 3, 0x0000555555555186 in factorial ()
Continuing.

Breakpoint 3, 0x0000555555555186 in factorial ()
Continuing.

Breakpoint 3, 0x0000555555555186 in factorial ()
Undefined command: "cq".  Try "help".
Breakpoint 1 at 0x1130
Breakpoint 2 at 0x114b
Breakpoint 3 at 0x1186
Breakpoint 4 at 0x118d

Breakpoint 1, 0x0000555555555130 in main ()

Breakpoint 2, 0x000055555555514b in digitoxdigito ()

Breakpoint 3, 0x0000555555555186 in factorial ()
<------REGISTROS 1.0------>
rax            0x5                 5
rcx            0x4                 4
<------calculo del factorial------>
rax            0x5                 5
$1 = 4

Breakpoint 3, 0x0000555555555186 in factorial ()
rax            0x14                20
$2 = 3

Breakpoint 3, 0x0000555555555186 in factorial ()
rax            0x3c                60
$3 = 2

Breakpoint 3, 0x0000555555555186 in factorial ()
rax            0x78                120
$4 = 1

Breakpoint 2, 0x000055555555514b in digitoxdigito ()
Continuing.

Breakpoint 3, 0x0000555555555186 in factorial ()
Continuing.

Breakpoint 3, 0x0000555555555186 in factorial ()
Continuing.

Breakpoint 3, 0x0000555555555186 in factorial ()
Continuing.

Breakpoint 2, 0x000055555555514b in digitoxdigito ()
Continuing.

Breakpoint 4, 0x000055555555518d in imprimir ()
Continuing.
[Inferior 1 (process 83721) exited normally]
Breakpoint 1 at 0x1130
Breakpoint 2 at 0x1151
Breakpoint 3 at 0x1184
Breakpoint 4 at 0x118e

Breakpoint 1, 0x0000555555555130 in main ()

Breakpoint 2, 0x0000555555555151 in digitoxdigito ()

Breakpoint 3, 0x0000555555555184 in factorial ()
<------REGISTROS 1.0------>
rax            0x5                 5
rcx            0x4                 4
<------calculo del factorial------>
rax            0x5                 5
$1 = 4

Breakpoint 3, 0x0000555555555184 in factorial ()
rax            0x14                20
$2 = 3

Breakpoint 3, 0x0000555555555184 in factorial ()
rax            0x3c                60
$3 = 2

Breakpoint 3, 0x0000555555555184 in factorial ()
rax            0x78                120
$4 = 1

Breakpoint 2, 0x0000555555555151 in digitoxdigito ()
0x0000555555555152 in digitoxdigito ()
r12            0x78                120
0x0000555555555155 in digitoxdigito ()
Undefined command: "ni5".  Try "help".
0x0000555555555162 in digitoxdigito ()
Dump of assembler code for function digitoxdigito:
   0x0000555555555151 <+0>:	cdq    
   0x0000555555555152 <+1>:	idiv   r9
   0x0000555555555155 <+4>:	mov    QWORD PTR [rip+0x2ed4],rdx        # 0x555555558030 <digito>
   0x000055555555515c <+11>:	mov    rbx,rax
   0x000055555555515f <+14>:	xor    rax,rax
=> 0x0000555555555162 <+17>:	mov    rax,QWORD PTR [rip+0x2ec7]        # 0x555555558030 <digito>
   0x0000555555555169 <+24>:	mov    rcx,rax
   0x000055555555516c <+27>:	dec    rcx
   0x000055555555516f <+30>:	je     0x55555555518b <rcx_0>
   0x0000555555555171 <+32>:	jmp    0x555555555184 <factorial>
End of assembler dump.
0x0000555555555169 in digitoxdigito ()
Undefined info command: "rcx".  Try "help info".
rcx            0x0                 0
0x000055555555516c in digitoxdigito ()
rcx            0x4                 4
rax            0x4                 4
0x000055555555516f in digitoxdigito ()
0x0000555555555171 in digitoxdigito ()
rcx            0x3                 3
rax            0x4                 4

Breakpoint 3, 0x0000555555555184 in factorial ()
Continuing.

Breakpoint 3, 0x0000555555555184 in factorial ()
Continuing.

Breakpoint 3, 0x0000555555555184 in factorial ()
Continuing.

Breakpoint 2, 0x0000555555555151 in digitoxdigito ()
rax            0x1                 1
r12            0x90                144
0x0000555555555152 in digitoxdigito ()
0x0000555555555155 in digitoxdigito ()
0x000055555555515c in digitoxdigito ()
Dump of assembler code for function digitoxdigito:
   0x0000555555555151 <+0>:	cdq    
   0x0000555555555152 <+1>:	idiv   r9
   0x0000555555555155 <+4>:	mov    QWORD PTR [rip+0x2ed4],rdx        # 0x555555558030 <digito>
=> 0x000055555555515c <+11>:	mov    rbx,rax
   0x000055555555515f <+14>:	xor    rax,rax
   0x0000555555555162 <+17>:	mov    rax,QWORD PTR [rip+0x2ec7]        # 0x555555558030 <digito>
   0x0000555555555169 <+24>:	mov    rcx,rax
   0x000055555555516c <+27>:	dec    rcx
   0x000055555555516f <+30>:	je     0x55555555518b <rcx_0>
   0x0000555555555171 <+32>:	jmp    0x555555555184 <factorial>
End of assembler dump.
0x000055555555515f in digitoxdigito ()
0x0000555555555162 in digitoxdigito ()
0x0000555555555169 in digitoxdigito ()
Dump of assembler code for function digitoxdigito:
   0x0000555555555151 <+0>:	cdq    
   0x0000555555555152 <+1>:	idiv   r9
   0x0000555555555155 <+4>:	mov    QWORD PTR [rip+0x2ed4],rdx        # 0x555555558030 <digito>
   0x000055555555515c <+11>:	mov    rbx,rax
   0x000055555555515f <+14>:	xor    rax,rax
   0x0000555555555162 <+17>:	mov    rax,QWORD PTR [rip+0x2ec7]        # 0x555555558030 <digito>
=> 0x0000555555555169 <+24>:	mov    rcx,rax
   0x000055555555516c <+27>:	dec    rcx
   0x000055555555516f <+30>:	je     0x55555555518b <rcx_0>
   0x0000555555555171 <+32>:	jmp    0x555555555184 <factorial>
End of assembler dump.
0x000055555555516c in digitoxdigito ()
rcx            0x1                 1
0x000055555555516f in digitoxdigito ()
0x000055555555518b in rcx_0 ()

Breakpoint 4, 0x000055555555518e in imprimir ()
r12            0x91                145
Undefined command: "nq".  Try "help".
Undefined command: "y".  Try "help".
Breakpoint 1 at 0x1130
Breakpoint 2 at 0x1151
Breakpoint 3 at 0x1184
Breakpoint 4 at 0x118e

Breakpoint 1, 0x0000555555555130 in main ()

Breakpoint 2, 0x0000555555555151 in digitoxdigito ()

Breakpoint 3, 0x0000555555555184 in factorial ()
<------REGISTROS 1.0------>
rax            0x5                 5
rcx            0x4                 4
<------calculo del factorial------>
rax            0x5                 5
$1 = 4

Breakpoint 3, 0x0000555555555184 in factorial ()
rax            0x14                20
$2 = 3

Breakpoint 3, 0x0000555555555184 in factorial ()
rax            0x3c                60
$3 = 2

Breakpoint 3, 0x0000555555555184 in factorial ()
rax            0x78                120
$4 = 1

Breakpoint 2, 0x0000555555555151 in digitoxdigito ()
